<?xml version="1.0" encoding="UTF-8"?>
<!-- Generated by org.testng.reporters.JUnitReportReporter -->
<testsuite skipped="0" hostname="DESKTOP-D96Q9MV" name="com.DemoApp.test.HomePageTest" tests="2" failures="0" timestamp="08 Jan 2021 19:31:12 GMT" time="22.393" errors="0">
  <testcase name="verifyHomePageTitle" time="11.916" classname="com.DemoApp.test.HomePageTest"/>
  <testcase name="verifywhoislogged" time="10.477" classname="com.DemoApp.test.HomePageTest"/>
</testsuite> <!-- com.DemoApp.test.HomePageTest -->
