<?xml version="1.0" encoding="UTF-8"?>
<!-- Generated by org.testng.reporters.JUnitReportReporter -->
<testsuite skipped="0" hostname="DESKTOP-D96Q9MV" name="com.DemoApp.test.LoginPageTest" tests="2" failures="0" timestamp="08 Jan 2021 19:11:42 GMT" time="19.993" errors="0">
  <testcase name="loginPagetitletest" time="9.657" classname="com.DemoApp.test.LoginPageTest"/>
  <testcase name="loginPagesignintest" time="10.336" classname="com.DemoApp.test.LoginPageTest"/>
</testsuite> <!-- com.DemoApp.test.LoginPageTest -->
